<?xml version="1.0" encoding="UTF-8"?>
<!-- Generated by org.testng.reporters.JUnitReportReporter -->
<testsuite hostname="IB-Pune-LAP-358" failures="0" tests="4" name="library.Crudoperation" time="7.377" errors="0" timestamp="2022-07-30T16:11:24 IST" skipped="0">
  <testcase classname="library.Crudoperation" name="Test01_Post" time="4.134"/>
  <system-out/>
  <testcase classname="library.Crudoperation" name="Test02_getbyauthor" time="2.227"/>
  <system-out/>
  <testcase classname="library.Crudoperation" name="Test03_getbyID" time="0.610"/>
  <system-out/>
  <testcase classname="library.Crudoperation" name="Test04_delete" time="0.406"/>
  <system-out/>
</testsuite> <!-- library.Crudoperation -->
