<?xml version="1.0" encoding="UTF-8"?>
<!-- Generated by org.testng.reporters.JUnitReportReporter -->
<testsuite hostname="IB-Pune-LAP-358" failures="0" tests="1" name="library.Deletetest" time="1.978" errors="0" timestamp="18 Jul 2022 05:28:19 GMT" skipped="0">
  <testcase classname="library.Deletetest" name="Test04_delete" time="1.978"/>
</testsuite> <!-- library.Deletetest -->
