<?xml version="1.0" encoding="UTF-8"?>
<!-- Generated by org.testng.reporters.JUnitReportReporter -->
<testsuite hostname="IB-Pune-LAP-358" failures="0" tests="1" name="specifaction.Testpost" time="1.639" errors="0" timestamp="19 Jul 2022 05:10:18 GMT" skipped="0">
  <testcase classname="specifaction.Testpost" name="test2_get" time="1.639"/>
</testsuite> <!-- specifaction.Testpost -->
