<?xml version="1.0" encoding="UTF-8"?>
<!-- Generated by org.testng.reporters.JUnitReportReporter -->
<testsuite hostname="IB-Pune-LAP-358" failures="0" tests="1" name="ff.GetbyTestng" time="2.462" errors="0" timestamp="11 Jul 2022 07:12:09 GMT" skipped="0">
  <testcase classname="ff.GetbyTestng" name="getuser" time="2.462"/>
</testsuite> <!-- ff.GetbyTestng -->
