<?xml version="1.0" encoding="UTF-8"?>
<!-- Generated by org.testng.reporters.JUnitReportReporter -->
<testsuite hostname="IB-Pune-LAP-358" failures="0" tests="1" name="reportpractise.Sampleextentreport" time="2.304" errors="0" timestamp="2022-07-26T14:52:20 IST" skipped="0">
  <testcase classname="reportpractise.Sampleextentreport" name="sampleTest" time="2.304"/>
  <system-out/>
</testsuite> <!-- reportpractise.Sampleextentreport -->
