<?xml version="1.0" encoding="UTF-8"?>
<!-- Generated by org.testng.reporters.JUnitReportReporter -->
<testsuite hostname="IB-Pune-LAP-358" failures="0" tests="4" name="library.Lib" time="3.899" errors="0" timestamp="22 Jul 2022 04:35:23 GMT" skipped="0">
  <testcase classname="library.Lib" name="Test01_Post" time="1.812"/>
  <testcase classname="library.Lib" name="Test02_getbyauthor" time="1.767"/>
  <testcase classname="library.Lib" name="Test03_getbyID" time="0.134"/>
  <testcase classname="library.Lib" name="Test04_delete" time="0.186"/>
</testsuite> <!-- library.Lib -->
