<?xml version="1.0" encoding="UTF-8"?>
<!-- Generated by org.testng.reporters.JUnitReportReporter -->
<testsuite hostname="IB-Pune-LAP-358" failures="0" tests="1" name="ff.Jsonwithtestng" time="1.517" errors="0" timestamp="14 Jul 2022 16:30:04 GMT" skipped="0">
  <testcase classname="ff.Jsonwithtestng" name="get" time="1.517"/>
</testsuite> <!-- ff.Jsonwithtestng -->
