<?xml version="1.0" encoding="UTF-8"?>
<!-- Generated by org.testng.reporters.JUnitReportReporter -->
<testsuite hostname="IB-Pune-LAP-358" failures="0" tests="1" name="Specification.Posttest" time="1.882" errors="0" timestamp="15 Jul 2022 10:19:11 GMT" skipped="0">
  <testcase classname="Specification.Posttest" name="Test02_get" time="1.882"/>
</testsuite> <!-- Specification.Posttest -->
